<?xml version="1.0" encoding="UTF-8"?>
<testsuite name="com.cg.admincontrollertest.TestAddCustomer" tests="2" skipped="0" failures="0" errors="0" timestamp="2022-05-09T10:23:28" hostname="INLEN8520031206" time="0.011">
  <properties/>
  <testcase name="Add user with invalid data" classname="com.cg.admincontrollertest.TestAddCustomer" time="0.004"/>
  <testcase name="Add user with valid data" classname="com.cg.admincontrollertest.TestAddCustomer" time="0.006"/>
  <system-out><![CDATA[2022-05-09 15:53:28.902  INFO 10684 --- [    Test worker] .b.t.c.SpringBootTestContextBootstrapper : Neither @ContextConfiguration nor @ContextHierarchy found for test class [com.cg.admincontrollertest.TestAddCustomer], using SpringBootContextLoader
2022-05-09 15:53:28.903  INFO 10684 --- [    Test worker] o.s.t.c.support.AbstractContextLoader    : Could not detect default resource locations for test class [com.cg.admincontrollertest.TestAddCustomer]: no resource found for suffixes {-context.xml, Context.groovy}.
2022-05-09 15:53:28.903  INFO 10684 --- [    Test worker] t.c.s.AnnotationConfigContextLoaderUtils : Could not detect default configuration classes for test class [com.cg.admincontrollertest.TestAddCustomer]: TestAddCustomer does not declare any static, non-private, non-final, nested classes annotated with @Configuration.
2022-05-09 15:53:28.904  INFO 10684 --- [    Test worker] .b.t.c.SpringBootTestContextBootstrapper : Found @SpringBootConfiguration com.cg.CreditCardPaymentApplication for test class com.cg.admincontrollertest.TestAddCustomer
2022-05-09 15:53:28.905  INFO 10684 --- [    Test worker] .b.t.c.SpringBootTestContextBootstrapper : Loaded default TestExecutionListener class names from location [META-INF/spring.factories]: [org.springframework.boot.test.autoconfigure.restdocs.RestDocsTestExecutionListener, org.springframework.boot.test.autoconfigure.web.client.MockRestServiceServerResetTestExecutionListener, org.springframework.boot.test.autoconfigure.web.servlet.MockMvcPrintOnlyOnFailureTestExecutionListener, org.springframework.boot.test.autoconfigure.web.servlet.WebDriverTestExecutionListener, org.springframework.boot.test.autoconfigure.webservices.client.MockWebServiceServerTestExecutionListener, org.springframework.boot.test.mock.mockito.MockitoTestExecutionListener, org.springframework.boot.test.mock.mockito.ResetMocksTestExecutionListener, org.springframework.test.context.web.ServletTestExecutionListener, org.springframework.test.context.support.DirtiesContextBeforeModesTestExecutionListener, org.springframework.test.context.event.ApplicationEventsTestExecutionListener, org.springframework.test.context.support.DependencyInjectionTestExecutionListener, org.springframework.test.context.support.DirtiesContextTestExecutionListener, org.springframework.test.context.transaction.TransactionalTestExecutionListener, org.springframework.test.context.jdbc.SqlScriptsTestExecutionListener, org.springframework.test.context.event.EventPublishingTestExecutionListener]
2022-05-09 15:53:28.905  INFO 10684 --- [    Test worker] .b.t.c.SpringBootTestContextBootstrapper : Using TestExecutionListeners: [org.springframework.test.context.web.ServletTestExecutionListener@3c4e17ea, org.springframework.test.context.support.DirtiesContextBeforeModesTestExecutionListener@285ac40b, org.springframework.test.context.event.ApplicationEventsTestExecutionListener@5b2ade46, org.springframework.boot.test.mock.mockito.MockitoTestExecutionListener@2087c939, org.springframework.boot.test.autoconfigure.SpringBootDependencyInjectionTestExecutionListener@6c3a7b84, org.springframework.test.context.support.DirtiesContextTestExecutionListener@123e9094, org.springframework.test.context.transaction.TransactionalTestExecutionListener@1f6ba47b, org.springframework.test.context.jdbc.SqlScriptsTestExecutionListener@1bb78ae, org.springframework.test.context.event.EventPublishingTestExecutionListener@3ee2d546, org.springframework.boot.test.autoconfigure.restdocs.RestDocsTestExecutionListener@58be583e, org.springframework.boot.test.autoconfigure.web.client.MockRestServiceServerResetTestExecutionListener@1a34772e, org.springframework.boot.test.autoconfigure.web.servlet.MockMvcPrintOnlyOnFailureTestExecutionListener@401002ce, org.springframework.boot.test.autoconfigure.web.servlet.WebDriverTestExecutionListener@6870a76f, org.springframework.boot.test.autoconfigure.webservices.client.MockWebServiceServerTestExecutionListener@42257df7, org.springframework.boot.test.mock.mockito.ResetMocksTestExecutionListener@7b11ff9a]
]]></system-out>
  <system-err><![CDATA[]]></system-err>
</testsuite>
