<?xml version="1.0" encoding="UTF-8"?>
<testsuite name="com.cg.admincontrollertest.TestAddStatement" tests="2" skipped="0" failures="0" errors="0" timestamp="2022-05-09T10:23:28" hostname="INLEN8520031206" time="0.009">
  <properties/>
  <testcase name="Add Statement with invalid data" classname="com.cg.admincontrollertest.TestAddStatement" time="0.003"/>
  <testcase name="Add Statement with valid data" classname="com.cg.admincontrollertest.TestAddStatement" time="0.004"/>
  <system-out><![CDATA[2022-05-09 15:53:28.948  INFO 10684 --- [    Test worker] .b.t.c.SpringBootTestContextBootstrapper : Neither @ContextConfiguration nor @ContextHierarchy found for test class [com.cg.admincontrollertest.TestAddStatement], using SpringBootContextLoader
2022-05-09 15:53:28.948  INFO 10684 --- [    Test worker] o.s.t.c.support.AbstractContextLoader    : Could not detect default resource locations for test class [com.cg.admincontrollertest.TestAddStatement]: no resource found for suffixes {-context.xml, Context.groovy}.
2022-05-09 15:53:28.949  INFO 10684 --- [    Test worker] t.c.s.AnnotationConfigContextLoaderUtils : Could not detect default configuration classes for test class [com.cg.admincontrollertest.TestAddStatement]: TestAddStatement does not declare any static, non-private, non-final, nested classes annotated with @Configuration.
2022-05-09 15:53:28.950  INFO 10684 --- [    Test worker] .b.t.c.SpringBootTestContextBootstrapper : Found @SpringBootConfiguration com.cg.CreditCardPaymentApplication for test class com.cg.admincontrollertest.TestAddStatement
2022-05-09 15:53:28.951  INFO 10684 --- [    Test worker] .b.t.c.SpringBootTestContextBootstrapper : Loaded default TestExecutionListener class names from location [META-INF/spring.factories]: [org.springframework.boot.test.autoconfigure.restdocs.RestDocsTestExecutionListener, org.springframework.boot.test.autoconfigure.web.client.MockRestServiceServerResetTestExecutionListener, org.springframework.boot.test.autoconfigure.web.servlet.MockMvcPrintOnlyOnFailureTestExecutionListener, org.springframework.boot.test.autoconfigure.web.servlet.WebDriverTestExecutionListener, org.springframework.boot.test.autoconfigure.webservices.client.MockWebServiceServerTestExecutionListener, org.springframework.boot.test.mock.mockito.MockitoTestExecutionListener, org.springframework.boot.test.mock.mockito.ResetMocksTestExecutionListener, org.springframework.test.context.web.ServletTestExecutionListener, org.springframework.test.context.support.DirtiesContextBeforeModesTestExecutionListener, org.springframework.test.context.event.ApplicationEventsTestExecutionListener, org.springframework.test.context.support.DependencyInjectionTestExecutionListener, org.springframework.test.context.support.DirtiesContextTestExecutionListener, org.springframework.test.context.transaction.TransactionalTestExecutionListener, org.springframework.test.context.jdbc.SqlScriptsTestExecutionListener, org.springframework.test.context.event.EventPublishingTestExecutionListener]
2022-05-09 15:53:28.952  INFO 10684 --- [    Test worker] .b.t.c.SpringBootTestContextBootstrapper : Using TestExecutionListeners: [org.springframework.test.context.web.ServletTestExecutionListener@2b76ecd5, org.springframework.test.context.support.DirtiesContextBeforeModesTestExecutionListener@7bd7c4cf, org.springframework.test.context.event.ApplicationEventsTestExecutionListener@5b9df3b3, org.springframework.boot.test.mock.mockito.MockitoTestExecutionListener@67b20b4c, org.springframework.boot.test.autoconfigure.SpringBootDependencyInjectionTestExecutionListener@7bbe532b, org.springframework.test.context.support.DirtiesContextTestExecutionListener@3e0a112f, org.springframework.test.context.transaction.TransactionalTestExecutionListener@abe7d36, org.springframework.test.context.jdbc.SqlScriptsTestExecutionListener@7da1ef46, org.springframework.test.context.event.EventPublishingTestExecutionListener@740fccd2, org.springframework.boot.test.autoconfigure.restdocs.RestDocsTestExecutionListener@1ae23815, org.springframework.boot.test.autoconfigure.web.client.MockRestServiceServerResetTestExecutionListener@63ccb1b2, org.springframework.boot.test.autoconfigure.web.servlet.MockMvcPrintOnlyOnFailureTestExecutionListener@1165a952, org.springframework.boot.test.autoconfigure.web.servlet.WebDriverTestExecutionListener@1b868ef0, org.springframework.boot.test.autoconfigure.webservices.client.MockWebServiceServerTestExecutionListener@102f3f05, org.springframework.boot.test.mock.mockito.ResetMocksTestExecutionListener@16e84d93]
]]></system-out>
  <system-err><![CDATA[]]></system-err>
</testsuite>
