<?xml version="1.0" encoding="UTF-8"?>
<testsuite name="com.cg.customercontrollertest.TestGetPaymentHisory" tests="2" skipped="0" failures="0" errors="0" timestamp="2022-05-09T10:23:29" hostname="INLEN8520031206" time="0.009">
  <properties/>
  <testcase name="Get Payment History with invalid data" classname="com.cg.customercontrollertest.TestGetPaymentHisory" time="0.004"/>
  <testcase name="Get Payment History with valid data" classname="com.cg.customercontrollertest.TestGetPaymentHisory" time="0.004"/>
  <system-out><![CDATA[2022-05-09 15:53:29.092  INFO 10684 --- [    Test worker] .b.t.c.SpringBootTestContextBootstrapper : Neither @ContextConfiguration nor @ContextHierarchy found for test class [com.cg.customercontrollertest.TestGetPaymentHisory], using SpringBootContextLoader
2022-05-09 15:53:29.093  INFO 10684 --- [    Test worker] o.s.t.c.support.AbstractContextLoader    : Could not detect default resource locations for test class [com.cg.customercontrollertest.TestGetPaymentHisory]: no resource found for suffixes {-context.xml, Context.groovy}.
2022-05-09 15:53:29.094  INFO 10684 --- [    Test worker] t.c.s.AnnotationConfigContextLoaderUtils : Could not detect default configuration classes for test class [com.cg.customercontrollertest.TestGetPaymentHisory]: TestGetPaymentHisory does not declare any static, non-private, non-final, nested classes annotated with @Configuration.
2022-05-09 15:53:29.094  INFO 10684 --- [    Test worker] .b.t.c.SpringBootTestContextBootstrapper : Found @SpringBootConfiguration com.cg.CreditCardPaymentApplication for test class com.cg.customercontrollertest.TestGetPaymentHisory
2022-05-09 15:53:29.096  INFO 10684 --- [    Test worker] .b.t.c.SpringBootTestContextBootstrapper : Loaded default TestExecutionListener class names from location [META-INF/spring.factories]: [org.springframework.boot.test.autoconfigure.restdocs.RestDocsTestExecutionListener, org.springframework.boot.test.autoconfigure.web.client.MockRestServiceServerResetTestExecutionListener, org.springframework.boot.test.autoconfigure.web.servlet.MockMvcPrintOnlyOnFailureTestExecutionListener, org.springframework.boot.test.autoconfigure.web.servlet.WebDriverTestExecutionListener, org.springframework.boot.test.autoconfigure.webservices.client.MockWebServiceServerTestExecutionListener, org.springframework.boot.test.mock.mockito.MockitoTestExecutionListener, org.springframework.boot.test.mock.mockito.ResetMocksTestExecutionListener, org.springframework.test.context.web.ServletTestExecutionListener, org.springframework.test.context.support.DirtiesContextBeforeModesTestExecutionListener, org.springframework.test.context.event.ApplicationEventsTestExecutionListener, org.springframework.test.context.support.DependencyInjectionTestExecutionListener, org.springframework.test.context.support.DirtiesContextTestExecutionListener, org.springframework.test.context.transaction.TransactionalTestExecutionListener, org.springframework.test.context.jdbc.SqlScriptsTestExecutionListener, org.springframework.test.context.event.EventPublishingTestExecutionListener]
2022-05-09 15:53:29.097  INFO 10684 --- [    Test worker] .b.t.c.SpringBootTestContextBootstrapper : Using TestExecutionListeners: [org.springframework.test.context.web.ServletTestExecutionListener@b272860, org.springframework.test.context.support.DirtiesContextBeforeModesTestExecutionListener@4351d055, org.springframework.test.context.event.ApplicationEventsTestExecutionListener@25c06894, org.springframework.boot.test.mock.mockito.MockitoTestExecutionListener@5c2ae7d7, org.springframework.boot.test.autoconfigure.SpringBootDependencyInjectionTestExecutionListener@6e7cb01a, org.springframework.test.context.support.DirtiesContextTestExecutionListener@236206f8, org.springframework.test.context.transaction.TransactionalTestExecutionListener@5c04ec8, org.springframework.test.context.jdbc.SqlScriptsTestExecutionListener@e5f05f8, org.springframework.test.context.event.EventPublishingTestExecutionListener@5a88849, org.springframework.boot.test.autoconfigure.restdocs.RestDocsTestExecutionListener@36ce0bc2, org.springframework.boot.test.autoconfigure.web.client.MockRestServiceServerResetTestExecutionListener@317fa5dd, org.springframework.boot.test.autoconfigure.web.servlet.MockMvcPrintOnlyOnFailureTestExecutionListener@477906cf, org.springframework.boot.test.autoconfigure.web.servlet.WebDriverTestExecutionListener@65234a9, org.springframework.boot.test.autoconfigure.webservices.client.MockWebServiceServerTestExecutionListener@4004bfba, org.springframework.boot.test.mock.mockito.ResetMocksTestExecutionListener@c19bb2a]
]]></system-out>
  <system-err><![CDATA[]]></system-err>
</testsuite>
