<?xml version="1.0" encoding="UTF-8"?>
<testsuite name="com.cg.usercontrollortest.TestLogin" tests="3" skipped="0" failures="0" errors="0" timestamp="2022-05-09T10:23:29" hostname="INLEN8520031206" time="0.025">
  <properties/>
  <testcase name="Sign in with invalid data" classname="com.cg.usercontrollortest.TestLogin" time="0.009"/>
  <testcase name="Sign in with valid data" classname="com.cg.usercontrollortest.TestLogin" time="0.006"/>
  <testcase name="Sign out" classname="com.cg.usercontrollortest.TestLogin" time="0.004"/>
  <system-out><![CDATA[2022-05-09 15:53:29.237  INFO 10684 --- [    Test worker] .b.t.c.SpringBootTestContextBootstrapper : Neither @ContextConfiguration nor @ContextHierarchy found for test class [com.cg.usercontrollortest.TestLogin], using SpringBootContextLoader
2022-05-09 15:53:29.238  INFO 10684 --- [    Test worker] o.s.t.c.support.AbstractContextLoader    : Could not detect default resource locations for test class [com.cg.usercontrollortest.TestLogin]: no resource found for suffixes {-context.xml, Context.groovy}.
2022-05-09 15:53:29.238  INFO 10684 --- [    Test worker] t.c.s.AnnotationConfigContextLoaderUtils : Could not detect default configuration classes for test class [com.cg.usercontrollortest.TestLogin]: TestLogin does not declare any static, non-private, non-final, nested classes annotated with @Configuration.
2022-05-09 15:53:29.239  INFO 10684 --- [    Test worker] .b.t.c.SpringBootTestContextBootstrapper : Found @SpringBootConfiguration com.cg.CreditCardPaymentApplication for test class com.cg.usercontrollortest.TestLogin
2022-05-09 15:53:29.242  INFO 10684 --- [    Test worker] .b.t.c.SpringBootTestContextBootstrapper : Loaded default TestExecutionListener class names from location [META-INF/spring.factories]: [org.springframework.boot.test.autoconfigure.restdocs.RestDocsTestExecutionListener, org.springframework.boot.test.autoconfigure.web.client.MockRestServiceServerResetTestExecutionListener, org.springframework.boot.test.autoconfigure.web.servlet.MockMvcPrintOnlyOnFailureTestExecutionListener, org.springframework.boot.test.autoconfigure.web.servlet.WebDriverTestExecutionListener, org.springframework.boot.test.autoconfigure.webservices.client.MockWebServiceServerTestExecutionListener, org.springframework.boot.test.mock.mockito.MockitoTestExecutionListener, org.springframework.boot.test.mock.mockito.ResetMocksTestExecutionListener, org.springframework.test.context.web.ServletTestExecutionListener, org.springframework.test.context.support.DirtiesContextBeforeModesTestExecutionListener, org.springframework.test.context.event.ApplicationEventsTestExecutionListener, org.springframework.test.context.support.DependencyInjectionTestExecutionListener, org.springframework.test.context.support.DirtiesContextTestExecutionListener, org.springframework.test.context.transaction.TransactionalTestExecutionListener, org.springframework.test.context.jdbc.SqlScriptsTestExecutionListener, org.springframework.test.context.event.EventPublishingTestExecutionListener]
2022-05-09 15:53:29.242  INFO 10684 --- [    Test worker] .b.t.c.SpringBootTestContextBootstrapper : Using TestExecutionListeners: [org.springframework.test.context.web.ServletTestExecutionListener@2d527346, org.springframework.test.context.support.DirtiesContextBeforeModesTestExecutionListener@451cef67, org.springframework.test.context.event.ApplicationEventsTestExecutionListener@11fb1691, org.springframework.boot.test.mock.mockito.MockitoTestExecutionListener@1f229c40, org.springframework.boot.test.autoconfigure.SpringBootDependencyInjectionTestExecutionListener@215404a1, org.springframework.test.context.support.DirtiesContextTestExecutionListener@391b03b, org.springframework.test.context.transaction.TransactionalTestExecutionListener@4a977146, org.springframework.test.context.jdbc.SqlScriptsTestExecutionListener@41dc34c8, org.springframework.test.context.event.EventPublishingTestExecutionListener@402c415e, org.springframework.boot.test.autoconfigure.restdocs.RestDocsTestExecutionListener@4e322108, org.springframework.boot.test.autoconfigure.web.client.MockRestServiceServerResetTestExecutionListener@3f5e64c9, org.springframework.boot.test.autoconfigure.web.servlet.MockMvcPrintOnlyOnFailureTestExecutionListener@1f847d9e, org.springframework.boot.test.autoconfigure.web.servlet.WebDriverTestExecutionListener@3d00e981, org.springframework.boot.test.autoconfigure.webservices.client.MockWebServiceServerTestExecutionListener@6265a548, org.springframework.boot.test.mock.mockito.ResetMocksTestExecutionListener@2e51ede1]
]]></system-out>
  <system-err><![CDATA[]]></system-err>
</testsuite>
