<?xml version="1.0" encoding="UTF-8"?>
<testsuite name="com.cg.admincontrollertest.TestAddCreditCard" tests="2" skipped="0" failures="0" errors="0" timestamp="2022-05-09T10:23:28" hostname="INLEN8520031206" time="0.114">
  <properties/>
  <testcase name="Add Credit card invalid data" classname="com.cg.admincontrollertest.TestAddCreditCard" time="0.102"/>
  <testcase name="Add Credit card valid data" classname="com.cg.admincontrollertest.TestAddCreditCard" time="0.01"/>
  <system-out><![CDATA[2022-05-09 15:53:28.683  INFO 10684 --- [    Test worker] .b.t.c.SpringBootTestContextBootstrapper : Neither @ContextConfiguration nor @ContextHierarchy found for test class [com.cg.admincontrollertest.TestAddCreditCard], using SpringBootContextLoader
2022-05-09 15:53:28.685  INFO 10684 --- [    Test worker] o.s.t.c.support.AbstractContextLoader    : Could not detect default resource locations for test class [com.cg.admincontrollertest.TestAddCreditCard]: no resource found for suffixes {-context.xml, Context.groovy}.
2022-05-09 15:53:28.685  INFO 10684 --- [    Test worker] t.c.s.AnnotationConfigContextLoaderUtils : Could not detect default configuration classes for test class [com.cg.admincontrollertest.TestAddCreditCard]: TestAddCreditCard does not declare any static, non-private, non-final, nested classes annotated with @Configuration.
2022-05-09 15:53:28.691  INFO 10684 --- [    Test worker] .b.t.c.SpringBootTestContextBootstrapper : Found @SpringBootConfiguration com.cg.CreditCardPaymentApplication for test class com.cg.admincontrollertest.TestAddCreditCard
2022-05-09 15:53:28.694  INFO 10684 --- [    Test worker] .b.t.c.SpringBootTestContextBootstrapper : Loaded default TestExecutionListener class names from location [META-INF/spring.factories]: [org.springframework.boot.test.autoconfigure.restdocs.RestDocsTestExecutionListener, org.springframework.boot.test.autoconfigure.web.client.MockRestServiceServerResetTestExecutionListener, org.springframework.boot.test.autoconfigure.web.servlet.MockMvcPrintOnlyOnFailureTestExecutionListener, org.springframework.boot.test.autoconfigure.web.servlet.WebDriverTestExecutionListener, org.springframework.boot.test.autoconfigure.webservices.client.MockWebServiceServerTestExecutionListener, org.springframework.boot.test.mock.mockito.MockitoTestExecutionListener, org.springframework.boot.test.mock.mockito.ResetMocksTestExecutionListener, org.springframework.test.context.web.ServletTestExecutionListener, org.springframework.test.context.support.DirtiesContextBeforeModesTestExecutionListener, org.springframework.test.context.event.ApplicationEventsTestExecutionListener, org.springframework.test.context.support.DependencyInjectionTestExecutionListener, org.springframework.test.context.support.DirtiesContextTestExecutionListener, org.springframework.test.context.transaction.TransactionalTestExecutionListener, org.springframework.test.context.jdbc.SqlScriptsTestExecutionListener, org.springframework.test.context.event.EventPublishingTestExecutionListener]
2022-05-09 15:53:28.694  INFO 10684 --- [    Test worker] .b.t.c.SpringBootTestContextBootstrapper : Using TestExecutionListeners: [org.springframework.test.context.web.ServletTestExecutionListener@29d29657, org.springframework.test.context.support.DirtiesContextBeforeModesTestExecutionListener@e0d9e3f, org.springframework.test.context.event.ApplicationEventsTestExecutionListener@516155b5, org.springframework.boot.test.mock.mockito.MockitoTestExecutionListener@799fc4c9, org.springframework.boot.test.autoconfigure.SpringBootDependencyInjectionTestExecutionListener@44428583, org.springframework.test.context.support.DirtiesContextTestExecutionListener@265c0752, org.springframework.test.context.transaction.TransactionalTestExecutionListener@7d4b32d1, org.springframework.test.context.jdbc.SqlScriptsTestExecutionListener@7a75183d, org.springframework.test.context.event.EventPublishingTestExecutionListener@2acbe46d, org.springframework.boot.test.autoconfigure.restdocs.RestDocsTestExecutionListener@6c6b00f1, org.springframework.boot.test.autoconfigure.web.client.MockRestServiceServerResetTestExecutionListener@48126a17, org.springframework.boot.test.autoconfigure.web.servlet.MockMvcPrintOnlyOnFailureTestExecutionListener@1a7437d8, org.springframework.boot.test.autoconfigure.web.servlet.WebDriverTestExecutionListener@6f695077, org.springframework.boot.test.autoconfigure.webservices.client.MockWebServiceServerTestExecutionListener@5b31a9e3, org.springframework.boot.test.mock.mockito.ResetMocksTestExecutionListener@282240]
]]></system-out>
  <system-err><![CDATA[]]></system-err>
</testsuite>
