<?xml version="1.0" encoding="UTF-8"?>
<testsuite name="com.cg.customercontrollertest.TestGetDueAmount" tests="2" skipped="0" failures="0" errors="0" timestamp="2022-05-09T10:23:29" hostname="INLEN8520031206" time="0.011">
  <properties/>
  <testcase name="Get Due Amount with valid data" classname="com.cg.customercontrollertest.TestGetDueAmount" time="0.005"/>
  <testcase name="Get Due Amount with invalid data" classname="com.cg.customercontrollertest.TestGetDueAmount" time="0.004"/>
  <system-out><![CDATA[2022-05-09 15:53:29.045  INFO 10684 --- [    Test worker] .b.t.c.SpringBootTestContextBootstrapper : Neither @ContextConfiguration nor @ContextHierarchy found for test class [com.cg.customercontrollertest.TestGetDueAmount], using SpringBootContextLoader
2022-05-09 15:53:29.048  INFO 10684 --- [    Test worker] o.s.t.c.support.AbstractContextLoader    : Could not detect default resource locations for test class [com.cg.customercontrollertest.TestGetDueAmount]: no resource found for suffixes {-context.xml, Context.groovy}.
2022-05-09 15:53:29.048  INFO 10684 --- [    Test worker] t.c.s.AnnotationConfigContextLoaderUtils : Could not detect default configuration classes for test class [com.cg.customercontrollertest.TestGetDueAmount]: TestGetDueAmount does not declare any static, non-private, non-final, nested classes annotated with @Configuration.
2022-05-09 15:53:29.054  INFO 10684 --- [    Test worker] .b.t.c.SpringBootTestContextBootstrapper : Found @SpringBootConfiguration com.cg.CreditCardPaymentApplication for test class com.cg.customercontrollertest.TestGetDueAmount
2022-05-09 15:53:29.057  INFO 10684 --- [    Test worker] .b.t.c.SpringBootTestContextBootstrapper : Loaded default TestExecutionListener class names from location [META-INF/spring.factories]: [org.springframework.boot.test.autoconfigure.restdocs.RestDocsTestExecutionListener, org.springframework.boot.test.autoconfigure.web.client.MockRestServiceServerResetTestExecutionListener, org.springframework.boot.test.autoconfigure.web.servlet.MockMvcPrintOnlyOnFailureTestExecutionListener, org.springframework.boot.test.autoconfigure.web.servlet.WebDriverTestExecutionListener, org.springframework.boot.test.autoconfigure.webservices.client.MockWebServiceServerTestExecutionListener, org.springframework.boot.test.mock.mockito.MockitoTestExecutionListener, org.springframework.boot.test.mock.mockito.ResetMocksTestExecutionListener, org.springframework.test.context.web.ServletTestExecutionListener, org.springframework.test.context.support.DirtiesContextBeforeModesTestExecutionListener, org.springframework.test.context.event.ApplicationEventsTestExecutionListener, org.springframework.test.context.support.DependencyInjectionTestExecutionListener, org.springframework.test.context.support.DirtiesContextTestExecutionListener, org.springframework.test.context.transaction.TransactionalTestExecutionListener, org.springframework.test.context.jdbc.SqlScriptsTestExecutionListener, org.springframework.test.context.event.EventPublishingTestExecutionListener]
2022-05-09 15:53:29.057  INFO 10684 --- [    Test worker] .b.t.c.SpringBootTestContextBootstrapper : Using TestExecutionListeners: [org.springframework.test.context.web.ServletTestExecutionListener@5d957cf0, org.springframework.test.context.support.DirtiesContextBeforeModesTestExecutionListener@1a48a582, org.springframework.test.context.event.ApplicationEventsTestExecutionListener@1221d607, org.springframework.boot.test.mock.mockito.MockitoTestExecutionListener@4b45c8e4, org.springframework.boot.test.autoconfigure.SpringBootDependencyInjectionTestExecutionListener@3dc14f80, org.springframework.test.context.support.DirtiesContextTestExecutionListener@627a890f, org.springframework.test.context.transaction.TransactionalTestExecutionListener@7ef7faa9, org.springframework.test.context.jdbc.SqlScriptsTestExecutionListener@1b901f7b, org.springframework.test.context.event.EventPublishingTestExecutionListener@2c9aeec6, org.springframework.boot.test.autoconfigure.restdocs.RestDocsTestExecutionListener@1a1e38ab, org.springframework.boot.test.autoconfigure.web.client.MockRestServiceServerResetTestExecutionListener@5bfdabf3, org.springframework.boot.test.autoconfigure.web.servlet.MockMvcPrintOnlyOnFailureTestExecutionListener@400d1c30, org.springframework.boot.test.autoconfigure.web.servlet.WebDriverTestExecutionListener@3b9a2629, org.springframework.boot.test.autoconfigure.webservices.client.MockWebServiceServerTestExecutionListener@50aa9a91, org.springframework.boot.test.mock.mockito.ResetMocksTestExecutionListener@663e1144]
]]></system-out>
  <system-err><![CDATA[]]></system-err>
</testsuite>
