<?xml version="1.0" encoding="UTF-8"?>
<testsuite name="com.cg.usercontrollortest.TestChangePassword" tests="2" skipped="0" failures="0" errors="0" timestamp="2022-05-09T10:23:29" hostname="INLEN8520031206" time="0.013">
  <properties/>
  <testcase name="User password change with invalid Id" classname="com.cg.usercontrollortest.TestChangePassword" time="0.004"/>
  <testcase name="Admin password change with valid Id" classname="com.cg.usercontrollortest.TestChangePassword" time="0.006"/>
  <system-out><![CDATA[2022-05-09 15:53:29.212  INFO 10684 --- [    Test worker] .b.t.c.SpringBootTestContextBootstrapper : Neither @ContextConfiguration nor @ContextHierarchy found for test class [com.cg.usercontrollortest.TestChangePassword], using SpringBootContextLoader
2022-05-09 15:53:29.214  INFO 10684 --- [    Test worker] o.s.t.c.support.AbstractContextLoader    : Could not detect default resource locations for test class [com.cg.usercontrollortest.TestChangePassword]: no resource found for suffixes {-context.xml, Context.groovy}.
2022-05-09 15:53:29.215  INFO 10684 --- [    Test worker] t.c.s.AnnotationConfigContextLoaderUtils : Could not detect default configuration classes for test class [com.cg.usercontrollortest.TestChangePassword]: TestChangePassword does not declare any static, non-private, non-final, nested classes annotated with @Configuration.
2022-05-09 15:53:29.217  INFO 10684 --- [    Test worker] .b.t.c.SpringBootTestContextBootstrapper : Found @SpringBootConfiguration com.cg.CreditCardPaymentApplication for test class com.cg.usercontrollortest.TestChangePassword
2022-05-09 15:53:29.219  INFO 10684 --- [    Test worker] .b.t.c.SpringBootTestContextBootstrapper : Loaded default TestExecutionListener class names from location [META-INF/spring.factories]: [org.springframework.boot.test.autoconfigure.restdocs.RestDocsTestExecutionListener, org.springframework.boot.test.autoconfigure.web.client.MockRestServiceServerResetTestExecutionListener, org.springframework.boot.test.autoconfigure.web.servlet.MockMvcPrintOnlyOnFailureTestExecutionListener, org.springframework.boot.test.autoconfigure.web.servlet.WebDriverTestExecutionListener, org.springframework.boot.test.autoconfigure.webservices.client.MockWebServiceServerTestExecutionListener, org.springframework.boot.test.mock.mockito.MockitoTestExecutionListener, org.springframework.boot.test.mock.mockito.ResetMocksTestExecutionListener, org.springframework.test.context.web.ServletTestExecutionListener, org.springframework.test.context.support.DirtiesContextBeforeModesTestExecutionListener, org.springframework.test.context.event.ApplicationEventsTestExecutionListener, org.springframework.test.context.support.DependencyInjectionTestExecutionListener, org.springframework.test.context.support.DirtiesContextTestExecutionListener, org.springframework.test.context.transaction.TransactionalTestExecutionListener, org.springframework.test.context.jdbc.SqlScriptsTestExecutionListener, org.springframework.test.context.event.EventPublishingTestExecutionListener]
2022-05-09 15:53:29.220  INFO 10684 --- [    Test worker] .b.t.c.SpringBootTestContextBootstrapper : Using TestExecutionListeners: [org.springframework.test.context.web.ServletTestExecutionListener@77aeba9b, org.springframework.test.context.support.DirtiesContextBeforeModesTestExecutionListener@1db5de29, org.springframework.test.context.event.ApplicationEventsTestExecutionListener@64d1f549, org.springframework.boot.test.mock.mockito.MockitoTestExecutionListener@1fb61db4, org.springframework.boot.test.autoconfigure.SpringBootDependencyInjectionTestExecutionListener@1d4e06bb, org.springframework.test.context.support.DirtiesContextTestExecutionListener@2eb9c7ad, org.springframework.test.context.transaction.TransactionalTestExecutionListener@4529048e, org.springframework.test.context.jdbc.SqlScriptsTestExecutionListener@6addfa22, org.springframework.test.context.event.EventPublishingTestExecutionListener@74b521c, org.springframework.boot.test.autoconfigure.restdocs.RestDocsTestExecutionListener@672f69f7, org.springframework.boot.test.autoconfigure.web.client.MockRestServiceServerResetTestExecutionListener@6aaf1ce8, org.springframework.boot.test.autoconfigure.web.servlet.MockMvcPrintOnlyOnFailureTestExecutionListener@6f26e775, org.springframework.boot.test.autoconfigure.web.servlet.WebDriverTestExecutionListener@3220833f, org.springframework.boot.test.autoconfigure.webservices.client.MockWebServiceServerTestExecutionListener@2e5c245d, org.springframework.boot.test.mock.mockito.ResetMocksTestExecutionListener@3c862522]
]]></system-out>
  <system-err><![CDATA[]]></system-err>
</testsuite>
