<?xml version="1.0" encoding="UTF-8"?>
<testsuite name="com.cg.admincontrollertest.TestUpdateCustomer" tests="2" skipped="0" failures="0" errors="0" timestamp="2022-05-09T10:23:29" hostname="INLEN8520031206" time="0.014">
  <properties/>
  <testcase name="Update customer with invalid data" classname="com.cg.admincontrollertest.TestUpdateCustomer" time="0.007"/>
  <testcase name="Update customer with valid data" classname="com.cg.admincontrollertest.TestUpdateCustomer" time="0.006"/>
  <system-out><![CDATA[2022-05-09 15:53:29.022  INFO 10684 --- [    Test worker] .b.t.c.SpringBootTestContextBootstrapper : Neither @ContextConfiguration nor @ContextHierarchy found for test class [com.cg.admincontrollertest.TestUpdateCustomer], using SpringBootContextLoader
2022-05-09 15:53:29.022  INFO 10684 --- [    Test worker] o.s.t.c.support.AbstractContextLoader    : Could not detect default resource locations for test class [com.cg.admincontrollertest.TestUpdateCustomer]: no resource found for suffixes {-context.xml, Context.groovy}.
2022-05-09 15:53:29.022  INFO 10684 --- [    Test worker] t.c.s.AnnotationConfigContextLoaderUtils : Could not detect default configuration classes for test class [com.cg.admincontrollertest.TestUpdateCustomer]: TestUpdateCustomer does not declare any static, non-private, non-final, nested classes annotated with @Configuration.
2022-05-09 15:53:29.023  INFO 10684 --- [    Test worker] .b.t.c.SpringBootTestContextBootstrapper : Found @SpringBootConfiguration com.cg.CreditCardPaymentApplication for test class com.cg.admincontrollertest.TestUpdateCustomer
2022-05-09 15:53:29.024  INFO 10684 --- [    Test worker] .b.t.c.SpringBootTestContextBootstrapper : Loaded default TestExecutionListener class names from location [META-INF/spring.factories]: [org.springframework.boot.test.autoconfigure.restdocs.RestDocsTestExecutionListener, org.springframework.boot.test.autoconfigure.web.client.MockRestServiceServerResetTestExecutionListener, org.springframework.boot.test.autoconfigure.web.servlet.MockMvcPrintOnlyOnFailureTestExecutionListener, org.springframework.boot.test.autoconfigure.web.servlet.WebDriverTestExecutionListener, org.springframework.boot.test.autoconfigure.webservices.client.MockWebServiceServerTestExecutionListener, org.springframework.boot.test.mock.mockito.MockitoTestExecutionListener, org.springframework.boot.test.mock.mockito.ResetMocksTestExecutionListener, org.springframework.test.context.web.ServletTestExecutionListener, org.springframework.test.context.support.DirtiesContextBeforeModesTestExecutionListener, org.springframework.test.context.event.ApplicationEventsTestExecutionListener, org.springframework.test.context.support.DependencyInjectionTestExecutionListener, org.springframework.test.context.support.DirtiesContextTestExecutionListener, org.springframework.test.context.transaction.TransactionalTestExecutionListener, org.springframework.test.context.jdbc.SqlScriptsTestExecutionListener, org.springframework.test.context.event.EventPublishingTestExecutionListener]
2022-05-09 15:53:29.025  INFO 10684 --- [    Test worker] .b.t.c.SpringBootTestContextBootstrapper : Using TestExecutionListeners: [org.springframework.test.context.web.ServletTestExecutionListener@6d01f2e5, org.springframework.test.context.support.DirtiesContextBeforeModesTestExecutionListener@66e434e8, org.springframework.test.context.event.ApplicationEventsTestExecutionListener@3a7d6976, org.springframework.boot.test.mock.mockito.MockitoTestExecutionListener@37c45154, org.springframework.boot.test.autoconfigure.SpringBootDependencyInjectionTestExecutionListener@55300b93, org.springframework.test.context.support.DirtiesContextTestExecutionListener@123426a9, org.springframework.test.context.transaction.TransactionalTestExecutionListener@4353db40, org.springframework.test.context.jdbc.SqlScriptsTestExecutionListener@56887c8f, org.springframework.test.context.event.EventPublishingTestExecutionListener@3b1895e, org.springframework.boot.test.autoconfigure.restdocs.RestDocsTestExecutionListener@3083e6ef, org.springframework.boot.test.autoconfigure.web.client.MockRestServiceServerResetTestExecutionListener@6d57b264, org.springframework.boot.test.autoconfigure.web.servlet.MockMvcPrintOnlyOnFailureTestExecutionListener@782ed745, org.springframework.boot.test.autoconfigure.web.servlet.WebDriverTestExecutionListener@775a5a67, org.springframework.boot.test.autoconfigure.webservices.client.MockWebServiceServerTestExecutionListener@58c16efd, org.springframework.boot.test.mock.mockito.ResetMocksTestExecutionListener@8d52313]
]]></system-out>
  <system-err><![CDATA[]]></system-err>
</testsuite>
