<?xml version="1.0" encoding="UTF-8"?>
<testsuite name="com.cg.admincontrollertest.TestRemoveCustomer" tests="2" skipped="0" failures="0" errors="0" timestamp="2022-05-09T10:23:29" hostname="INLEN8520031206" time="0.009">
  <properties/>
  <testcase name="Remove customer with invalid data" classname="com.cg.admincontrollertest.TestRemoveCustomer" time="0.004"/>
  <testcase name="Remove customer with valid data" classname="com.cg.admincontrollertest.TestRemoveCustomer" time="0.003"/>
  <system-out><![CDATA[2022-05-09 15:53:29.005  INFO 10684 --- [    Test worker] .b.t.c.SpringBootTestContextBootstrapper : Neither @ContextConfiguration nor @ContextHierarchy found for test class [com.cg.admincontrollertest.TestRemoveCustomer], using SpringBootContextLoader
2022-05-09 15:53:29.006  INFO 10684 --- [    Test worker] o.s.t.c.support.AbstractContextLoader    : Could not detect default resource locations for test class [com.cg.admincontrollertest.TestRemoveCustomer]: no resource found for suffixes {-context.xml, Context.groovy}.
2022-05-09 15:53:29.006  INFO 10684 --- [    Test worker] t.c.s.AnnotationConfigContextLoaderUtils : Could not detect default configuration classes for test class [com.cg.admincontrollertest.TestRemoveCustomer]: TestRemoveCustomer does not declare any static, non-private, non-final, nested classes annotated with @Configuration.
2022-05-09 15:53:29.007  INFO 10684 --- [    Test worker] .b.t.c.SpringBootTestContextBootstrapper : Found @SpringBootConfiguration com.cg.CreditCardPaymentApplication for test class com.cg.admincontrollertest.TestRemoveCustomer
2022-05-09 15:53:29.008  INFO 10684 --- [    Test worker] .b.t.c.SpringBootTestContextBootstrapper : Loaded default TestExecutionListener class names from location [META-INF/spring.factories]: [org.springframework.boot.test.autoconfigure.restdocs.RestDocsTestExecutionListener, org.springframework.boot.test.autoconfigure.web.client.MockRestServiceServerResetTestExecutionListener, org.springframework.boot.test.autoconfigure.web.servlet.MockMvcPrintOnlyOnFailureTestExecutionListener, org.springframework.boot.test.autoconfigure.web.servlet.WebDriverTestExecutionListener, org.springframework.boot.test.autoconfigure.webservices.client.MockWebServiceServerTestExecutionListener, org.springframework.boot.test.mock.mockito.MockitoTestExecutionListener, org.springframework.boot.test.mock.mockito.ResetMocksTestExecutionListener, org.springframework.test.context.web.ServletTestExecutionListener, org.springframework.test.context.support.DirtiesContextBeforeModesTestExecutionListener, org.springframework.test.context.event.ApplicationEventsTestExecutionListener, org.springframework.test.context.support.DependencyInjectionTestExecutionListener, org.springframework.test.context.support.DirtiesContextTestExecutionListener, org.springframework.test.context.transaction.TransactionalTestExecutionListener, org.springframework.test.context.jdbc.SqlScriptsTestExecutionListener, org.springframework.test.context.event.EventPublishingTestExecutionListener]
2022-05-09 15:53:29.008  INFO 10684 --- [    Test worker] .b.t.c.SpringBootTestContextBootstrapper : Using TestExecutionListeners: [org.springframework.test.context.web.ServletTestExecutionListener@37d8562f, org.springframework.test.context.support.DirtiesContextBeforeModesTestExecutionListener@19656e21, org.springframework.test.context.event.ApplicationEventsTestExecutionListener@614ae4eb, org.springframework.boot.test.mock.mockito.MockitoTestExecutionListener@2cd31214, org.springframework.boot.test.autoconfigure.SpringBootDependencyInjectionTestExecutionListener@594f508f, org.springframework.test.context.support.DirtiesContextTestExecutionListener@6b6939e1, org.springframework.test.context.transaction.TransactionalTestExecutionListener@5d32f5db, org.springframework.test.context.jdbc.SqlScriptsTestExecutionListener@69c51fdb, org.springframework.test.context.event.EventPublishingTestExecutionListener@4aadf144, org.springframework.boot.test.autoconfigure.restdocs.RestDocsTestExecutionListener@68a97fc1, org.springframework.boot.test.autoconfigure.web.client.MockRestServiceServerResetTestExecutionListener@227fc322, org.springframework.boot.test.autoconfigure.web.servlet.MockMvcPrintOnlyOnFailureTestExecutionListener@63053b71, org.springframework.boot.test.autoconfigure.web.servlet.WebDriverTestExecutionListener@4687c184, org.springframework.boot.test.autoconfigure.webservices.client.MockWebServiceServerTestExecutionListener@65f3f9e2, org.springframework.boot.test.mock.mockito.ResetMocksTestExecutionListener@394950ad]
]]></system-out>
  <system-err><![CDATA[]]></system-err>
</testsuite>
