<?xml version="1.0" encoding="UTF-8"?>
<testsuite name="com.cg.admincontrollertest.TestGetCustomer" tests="3" skipped="0" failures="0" errors="0" timestamp="2022-05-09T10:23:28" hostname="INLEN8520031206" time="0.022">
  <properties/>
  <testcase name="Get customer with valid data" classname="com.cg.admincontrollertest.TestGetCustomer" time="0.004"/>
  <testcase name="Get all customers with valid data" classname="com.cg.admincontrollertest.TestGetCustomer" time="0.01"/>
  <testcase name="Get customer with invalid data" classname="com.cg.admincontrollertest.TestGetCustomer" time="0.005"/>
  <system-out><![CDATA[2022-05-09 15:53:28.972  INFO 10684 --- [    Test worker] .b.t.c.SpringBootTestContextBootstrapper : Neither @ContextConfiguration nor @ContextHierarchy found for test class [com.cg.admincontrollertest.TestGetCustomer], using SpringBootContextLoader
2022-05-09 15:53:28.973  INFO 10684 --- [    Test worker] o.s.t.c.support.AbstractContextLoader    : Could not detect default resource locations for test class [com.cg.admincontrollertest.TestGetCustomer]: no resource found for suffixes {-context.xml, Context.groovy}.
2022-05-09 15:53:28.973  INFO 10684 --- [    Test worker] t.c.s.AnnotationConfigContextLoaderUtils : Could not detect default configuration classes for test class [com.cg.admincontrollertest.TestGetCustomer]: TestGetCustomer does not declare any static, non-private, non-final, nested classes annotated with @Configuration.
2022-05-09 15:53:28.976  INFO 10684 --- [    Test worker] .b.t.c.SpringBootTestContextBootstrapper : Found @SpringBootConfiguration com.cg.CreditCardPaymentApplication for test class com.cg.admincontrollertest.TestGetCustomer
2022-05-09 15:53:28.978  INFO 10684 --- [    Test worker] .b.t.c.SpringBootTestContextBootstrapper : Loaded default TestExecutionListener class names from location [META-INF/spring.factories]: [org.springframework.boot.test.autoconfigure.restdocs.RestDocsTestExecutionListener, org.springframework.boot.test.autoconfigure.web.client.MockRestServiceServerResetTestExecutionListener, org.springframework.boot.test.autoconfigure.web.servlet.MockMvcPrintOnlyOnFailureTestExecutionListener, org.springframework.boot.test.autoconfigure.web.servlet.WebDriverTestExecutionListener, org.springframework.boot.test.autoconfigure.webservices.client.MockWebServiceServerTestExecutionListener, org.springframework.boot.test.mock.mockito.MockitoTestExecutionListener, org.springframework.boot.test.mock.mockito.ResetMocksTestExecutionListener, org.springframework.test.context.web.ServletTestExecutionListener, org.springframework.test.context.support.DirtiesContextBeforeModesTestExecutionListener, org.springframework.test.context.event.ApplicationEventsTestExecutionListener, org.springframework.test.context.support.DependencyInjectionTestExecutionListener, org.springframework.test.context.support.DirtiesContextTestExecutionListener, org.springframework.test.context.transaction.TransactionalTestExecutionListener, org.springframework.test.context.jdbc.SqlScriptsTestExecutionListener, org.springframework.test.context.event.EventPublishingTestExecutionListener]
2022-05-09 15:53:28.978  INFO 10684 --- [    Test worker] .b.t.c.SpringBootTestContextBootstrapper : Using TestExecutionListeners: [org.springframework.test.context.web.ServletTestExecutionListener@3962b216, org.springframework.test.context.support.DirtiesContextBeforeModesTestExecutionListener@3183a37c, org.springframework.test.context.event.ApplicationEventsTestExecutionListener@31a80c88, org.springframework.boot.test.mock.mockito.MockitoTestExecutionListener@7602c65d, org.springframework.boot.test.autoconfigure.SpringBootDependencyInjectionTestExecutionListener@5a5c2889, org.springframework.test.context.support.DirtiesContextTestExecutionListener@7668f8fd, org.springframework.test.context.transaction.TransactionalTestExecutionListener@75566f4, org.springframework.test.context.jdbc.SqlScriptsTestExecutionListener@6785786d, org.springframework.test.context.event.EventPublishingTestExecutionListener@5c261c74, org.springframework.boot.test.autoconfigure.restdocs.RestDocsTestExecutionListener@6d38a81d, org.springframework.boot.test.autoconfigure.web.client.MockRestServiceServerResetTestExecutionListener@41f61188, org.springframework.boot.test.autoconfigure.web.servlet.MockMvcPrintOnlyOnFailureTestExecutionListener@d7c4fcb, org.springframework.boot.test.autoconfigure.web.servlet.WebDriverTestExecutionListener@61d527ac, org.springframework.boot.test.autoconfigure.webservices.client.MockWebServiceServerTestExecutionListener@498503cb, org.springframework.boot.test.mock.mockito.ResetMocksTestExecutionListener@380e3122]
]]></system-out>
  <system-err><![CDATA[]]></system-err>
</testsuite>
